<?xml version="1.0" encoding="utf-8"?><testsuites name="pytest tests"><testsuite name="pytest" errors="0" failures="0" skipped="0" tests="291" time="67.410" timestamp="2026-08-10T04:50:36.814597+03:00" hostname="DESKTOP-A98B1R3"><testcase classname="tests.golden.test_floorplan_golden" name="test_canonical_projection_matches_across_adapters" time="0.781" /><testcase classname="tests.golden.test_floorplan_golden" name="test_adapter_specific_fields" time="0.775" /><testcase classname="tests.golden.test_validator_golden" name="test_layer_a_green_with_config" time="0.038" /><testcase classname="tests.golden.test_validator_golden" name="test_layer_a_missing_start_image" time="0.018" /><testcase classname="tests.golden.test_validator_golden" name="test_layer_a_pano_name_collision" time="0.018" /><testcase classname="tests.golden.test_validator_golden" name="test_layer_a_viewpoint_budget_exceeded" time="0.017" /><testcase classname="tests.golden.test_validator_golden" name="test_layer_b_fixture_present" time="0.001" /><testcase classname="tests.golden.test_validator_golden" name="test_layer_b_demo_subset_validates_green" time="0.192" /><testcase classname="tests.golden.test_validator_golden" name="test_layer_b_report_snapshot" time="0.190" /><testcase classname="tests.integration.test_plan001_intake" name="test_all_floorplan_formats_keep_original_and_emit_valid_contracts[png]" time="0.136" /><testcase classname="tests.integration.test_plan001_intake" name="test_all_floorplan_formats_keep_original_and_emit_valid_contracts[jpg]" time="0.130" /><testcase classname="tests.integration.test_plan001_intake" name="test_all_floorplan_formats_keep_original_and_emit_valid_contracts[pdf]" time="0.239" /><testcase classname="tests.integration.test_plan001_intake" name="test_all_floorplan_formats_keep_original_and_emit_valid_contracts[dxf]" time="0.214" /><testcase classname="tests.integration.test_plan001_intake" name="test_all_floorplan_formats_keep_original_and_emit_valid_contracts[dwg]" time="0.133" /><testcase classname="tests.integration.test_plan001_intake" name="test_unknown_scale_finalizes_blocked_run_without_package" time="0.117" /><testcase classname="tests.integration.test_plan001_intake" name="test_format_mismatch_and_links_are_rejected" time="0.130" /><testcase classname="tests.integration.test_plan001_intake" name="test_windows_junction_exercises_reparse_attribute_detection" time="0.021" /><testcase classname="tests.integration.test_plan001_intake" name="test_over_limit_image_is_rejected_before_verify" time="0.005" /><testcase classname="tests.integration.test_plan001_packager" name="test_fixture_packages_validate_and_manifest_is_schema_valid[tiny]" time="0.560" /><testcase classname="tests.integration.test_plan001_packager" name="test_fixture_packages_validate_and_manifest_is_schema_valid[golden]" time="1.198" /><testcase classname="tests.integration.test_plan001_packager" name="test_package_hash_is_stable_detects_mutation_and_run_is_exclusive" time="1.160" /><testcase classname="tests.integration.test_plan001_packager" name="test_validator_wrapper_needs_no_pythonpath" time="1.647" /><testcase classname="tests.integration.test_plan002_cli" name="test_usage_missing_parse_run_id_exits_2[f-usage-missing-arg]" time="0.005" /><testcase classname="tests.integration.test_plan002_cli" name="test_main_converts_unexpected_exception_to_cli_2" time="0.002" /><testcase classname="tests.integration.test_plan002_failure_matrix" name="test_operational_fixture_matrix[f-traversal]" time="0.165" /><testcase classname="tests.integration.test_plan002_failure_matrix" name="test_operational_fixture_matrix[f-existing-final]" time="0.176" /><testcase classname="tests.integration.test_plan002_failure_matrix" name="test_operational_fixture_matrix[f-existing-staging]" time="0.172" /><testcase classname="tests.integration.test_plan002_failure_matrix" name="test_operational_fixture_matrix[f-hash-manifest]" time="0.205" /><testcase classname="tests.integration.test_plan002_failure_matrix" name="test_operational_fixture_matrix[f-hash-quality]" time="0.197" /><testcase classname="tests.integration.test_plan002_failure_matrix" name="test_operational_fixture_matrix[f-hash-inventory]" time="0.216" /><testcase classname="tests.integration.test_plan002_failure_matrix" name="test_operational_fixture_matrix[f-quality-partial]" time="0.214" /><testcase classname="tests.integration.test_plan002_failure_matrix" name="test_operational_fixture_matrix[f-quality-blockers]" time="0.214" /><testcase classname="tests.integration.test_plan002_failure_matrix" name="test_operational_fixture_matrix[f-source-unsupported]" time="0.376" /><testcase classname="tests.integration.test_plan002_failure_matrix" name="test_operational_fixture_matrix[f-annotation-schema]" time="0.215" /><testcase classname="tests.integration.test_plan002_failure_matrix" name="test_operational_fixture_matrix[f-annotation-oversize]" time="0.240" /><testcase classname="tests.integration.test_plan002_failure_matrix" name="test_operational_fixture_matrix[f-dxf-oversize]" time="0.430" /><testcase classname="tests.integration.test_plan002_failure_matrix" name="test_operational_fixture_matrix[f-worker-garbage]" time="0.665" /><testcase classname="tests.integration.test_plan002_failure_matrix" name="test_operational_fixture_matrix_f_ancestor_reparse" time="0.198" /><testcase classname="tests.integration.test_plan002_failure_matrix" name="test_failed_domain_fixture_matrix[f-scale-unknown]" time="0.443" /><testcase classname="tests.integration.test_plan002_failure_matrix" name="test_failed_domain_fixture_matrix[f-scale-contradictory]" time="0.460" /><testcase classname="tests.integration.test_plan002_failure_matrix" name="test_failed_domain_fixture_matrix[f-units-mismatch]" time="1.150" /><testcase classname="tests.integration.test_plan002_failure_matrix" name="test_failed_domain_fixture_matrix[f-units-unknown]" time="1.108" /><testcase classname="tests.integration.test_plan002_failure_matrix" name="test_failed_domain_fixture_matrix[f-unsupported-arc]" time="1.168" /><testcase classname="tests.integration.test_plan002_failure_matrix" name="test_failed_domain_fixture_matrix[f-unsupported-bulge]" time="1.123" /><testcase classname="tests.integration.test_plan002_failure_matrix" name="test_failed_domain_fixture_matrix[f-unsupported-z]" time="1.148" /><testcase classname="tests.integration.test_plan002_failure_matrix" name="test_failed_domain_fixture_matrix[f-unsupported-insert]" time="1.240" /><testcase classname="tests.integration.test_plan002_failure_matrix" name="test_failed_domain_fixture_matrix[f-unsupported-xref]" time="1.935" /><testcase classname="tests.integration.test_plan002_failure_matrix" name="test_failed_domain_fixture_matrix[f-unsupported-paperspace]" time="1.156" /><testcase classname="tests.integration.test_plan002_failure_matrix" name="test_failed_domain_fixture_matrix[f-unsupported-layout]" time="1.185" /><testcase classname="tests.integration.test_plan002_failure_matrix" name="test_failed_domain_fixture_matrix[f-unsupported-text]" time="1.185" /><testcase classname="tests.integration.test_plan002_failure_matrix" name="test_failed_domain_fixture_matrix[f-unsupported-dim]" time="1.316" /><testcase classname="tests.integration.test_plan002_failure_matrix" name="test_failed_domain_fixture_matrix[f-empty-walls]" time="0.425" /><testcase classname="tests.integration.test_plan002_failure_matrix" name="test_failed_domain_fixture_matrix[f-empty-rooms]" time="0.481" /><testcase classname="tests.integration.test_plan002_failure_matrix" name="test_failed_domain_fixture_matrix[f-empty-after-norm]" time="0.470" /><testcase classname="tests.integration.test_plan002_failure_matrix" name="test_failed_domain_fixture_matrix[f-open-polygon]" time="1.171" /><testcase classname="tests.integration.test_plan002_failure_matrix" name="test_failed_domain_fixture_matrix[f-open-polygon-dup]" time="0.431" /><testcase classname="tests.integration.test_plan002_failure_matrix" name="test_failed_domain_fixture_matrix[f-self-intersect]" time="0.444" /><testcase classname="tests.integration.test_plan002_failure_matrix" name="test_failed_domain_fixture_matrix[f-zero-area]" time="0.487" /><testcase classname="tests.integration.test_plan002_failure_matrix" name="test_failed_domain_fixture_matrix[f-degenerate-wall]" time="0.435" /><testcase classname="tests.integration.test_plan002_failure_matrix" name="test_failed_domain_fixture_matrix[f-duplicate-wall]" time="0.468" /><testcase classname="tests.integration.test_plan002_failure_matrix" name="test_failed_domain_fixture_matrix[f-duplicate-room]" time="0.491" /><testcase classname="tests.integration.test_plan002_failure_matrix" name="test_failed_domain_fixture_matrix[f-duplicate-opening]" time="0.444" /><testcase classname="tests.integration.test_plan002_failure_matrix" name="test_failed_domain_fixture_matrix[f-opening-not-collinear]" time="1.153" /><testcase classname="tests.integration.test_plan002_failure_matrix" name="test_failed_domain_fixture_matrix[f-unknown-wall-ref]" time="1.126" /><testcase classname="tests.integration.test_plan002_failure_matrix" name="test_failed_domain_fixture_matrix[f-unknown-wall-index]" time="0.448" /><testcase classname="tests.integration.test_plan002_failure_matrix" name="test_failed_domain_fixture_matrix[f-ambiguous-wall-ref]" time="1.197" /><testcase classname="tests.integration.test_plan002_failure_matrix" name="test_failed_domain_fixture_matrix[f-opening-off-wall]" time="0.451" /><testcase classname="tests.integration.test_plan002_failure_matrix" name="test_failed_domain_fixture_matrix[f-opening-wrong-ref]" time="0.439" /><testcase classname="tests.integration.test_plan002_failure_matrix" name="test_failed_domain_fixture_matrix[f-opening-overhang]" time="0.425" /><testcase classname="tests.integration.test_plan002_failure_matrix" name="test_failed_domain_fixture_matrix[f-dimension-bad]" time="0.471" /><testcase classname="tests.integration.test_plan002_failure_matrix" name="test_failed_domain_fixture_matrix[f-limit-walls]" time="0.453" /><testcase classname="tests.integration.test_plan002_failure_matrix" name="test_failed_domain_fixture_matrix[f-limit-vertices]" time="0.475" /><testcase classname="tests.integration.test_plan002_failure_matrix" name="test_failed_domain_fixture_matrix[f-limit-coordinate]" time="0.444" /><testcase classname="tests.integration.test_plan002_failure_matrix" name="test_failed_domain_fixture_matrix[f-limit-entities]" time="0.592" /><testcase classname="tests.integration.test_plan002_failure_matrix" name="test_failed_domain_fixture_matrix[f-timeout]" time="0.507" /><testcase classname="tests.integration.test_plan002_failure_matrix" name="test_failed_domain_fixture_matrix[f-overlay-too-big]" time="0.485" /><testcase classname="tests.integration.test_plan002_failure_matrix" name="test_warning_fixture_matrix[f-unmapped-layer]" time="1.267" /><testcase classname="tests.integration.test_plan002_failure_matrix" name="test_warning_fixture_matrix[f-room-boundary-cross]" time="0.439" /><testcase classname="tests.integration.test_plan002_failure_matrix" name="test_warning_fixture_matrix[f-hostile-label]" time="1.169" /><testcase classname="tests.integration.test_plan002_failure_matrix" name="test_source_run_bytes_and_hashes_unchanged_across_outcomes[success]" time="0.735" /><testcase classname="tests.integration.test_plan002_failure_matrix" name="test_source_run_bytes_and_hashes_unchanged_across_outcomes[warning]" time="1.132" /><testcase classname="tests.integration.test_plan002_failure_matrix" name="test_source_run_bytes_and_hashes_unchanged_across_outcomes[failed_domain]" time="0.439" /><testcase classname="tests.integration.test_plan002_failure_matrix" name="test_source_run_bytes_and_hashes_unchanged_across_outcomes[operational]" time="0.227" /><testcase classname="tests.integration.test_plan002_failures" name="test_incomplete_source_quality_returns_cli_2_and_no_runs" time="0.202" /><testcase classname="tests.integration.test_plan002_failures" name="test_annotation_scale_mismatch_finalizes_failed_cli_3_run" time="0.444" /><testcase classname="tests.integration.test_plan002_failures" name="test_source_unsupported_returns_cli_2_without_runs" time="0.211" /><testcase classname="tests.integration.test_plan002_failures" name="test_missing_source_manifest_returns_cli_2_instead_of_raising" time="0.005" /><testcase classname="tests.integration.test_plan002_failures" name="test_malformed_source_manifest_json_returns_cli_2_instead_of_raising" time="0.175" /><testcase classname="tests.integration.test_plan002_failures" name="test_dxf_source_with_unknown_manifest_units_returns_failed_run_not_uncaught_exception" time="1.150" /><testcase classname="tests.integration.test_plan002_failures" name="test_empty_annotation_geometry_finalizes_failed_cli_3_run" time="0.432" /><testcase classname="tests.integration.test_plan002_parse_run" name="test_parse_run_finalizes_complete_derived_run" time="0.509" /><testcase classname="tests.integration.test_plan002_parse_run" name="test_operational_failure_retains_staging_and_no_finalized_run" time="0.395" /><testcase classname="tests.integration.test_plan002_parse_run" name="test_source_inventory_hash_mismatch_fails_preflight_without_staging" time="0.211" /><testcase classname="tests.integration.test_plan002_parse_run" name="test_worker_garbage_is_operational_and_retains_staging" time="0.437" /><testcase classname="tests.integration.test_plan002_parse_run" name="test_timeout_after_valid_preflight_finalizes_failed_run" time="0.476" /><testcase classname="tests.integration.test_plan002_parse_run" name="test_source_run_traversal_is_rejected_without_staging" time="0.224" /><testcase classname="tests.integration.test_plan002_parse_run" name="test_source_run_absolute_dotdot_traversal_is_rejected_without_staging" time="0.173" /><testcase classname="tests.integration.test_plan002_parse_run" name="test_manifest_inventory_path_traversal_is_rejected" time="0.250" /><testcase classname="tests.integration.test_plan002_parse_run" name="test_annotation_source_image_must_bind_to_source_inventory" time="0.408" /><testcase classname="tests.integration.test_plan002_parse_run" name="test_annotation_dimension_mismatch_is_rejected" time="0.406" /><testcase classname="tests.integration.test_plan002_parse_run" name="test_existing_final_run_id_is_rejected_before_staging" time="0.172" /><testcase classname="tests.integration.test_plan002_parse_run" name="test_existing_staging_run_id_is_rejected_before_staging" time="0.179" /><testcase classname="tests.integration.test_plan002_parse_run" name="test_overlay_size_limit_finalizes_failed_run_without_overlay" time="0.445" /><testcase classname="tests.integration.test_plan002_parse_run" name="test_deterministic_reruns_keep_projection_hash_and_overlay_hash" time="0.887" /><testcase classname="tests.integration.test_plan002_parse_run" name="test_dependencies_unchanged" time="0.034" /><testcase classname="tests.integration.test_validator_failures" name="test_case_01_missing_extrinsics" time="0.041" /><testcase classname="tests.integration.test_validator_failures" name="test_case_02_matrix_3x4" time="0.020" /><testcase classname="tests.integration.test_validator_failures" name="test_case_03_singular_matrix" time="0.020" /><testcase classname="tests.integration.test_validator_failures" name="test_case_04_unparseable_matrix" time="0.025" /><testcase classname="tests.integration.test_validator_failures" name="test_case_05_depth_dimension_mismatch" time="0.019" /><testcase classname="tests.integration.test_validator_failures" name="test_case_06_map_references_unknown_viewpoint" time="0.019" /><testcase classname="tests.integration.test_validator_failures" name="test_case_07_unmapped_viewpoint_is_warning_not_error" time="0.026" /><testcase classname="tests.integration.test_validator_failures" name="test_case_08_wrong_image_mode" time="0.018" /><testcase classname="tests.integration.test_validator_failures" name="test_case_09_zero_depth_scale" time="0.018" /><testcase classname="tests.integration.test_validator_failures" name="test_case_10_nan_depth_scale" time="0.030" /><testcase classname="tests.integration.test_validator_failures" name="test_case_11_missing_depth_scale" time="0.017" /><testcase classname="tests.integration.test_validator_failures" name="test_case_12_windows_hostile_filename" time="0.019" /><testcase classname="tests.integration.test_validator_failures" name="test_case_13_empty_place_image" time="0.017" /><testcase classname="tests.integration.test_validator_failures" name="test_case_14_malformed_map_json" time="0.010" /><testcase classname="tests.integration.test_validator_failures" name="test_case_15_duplicate_key_within_one_map" time="0.010" /><testcase classname="tests.integration.test_validator_failures" name="test_same_key_across_different_maps_is_legitimate" time="0.019" /><testcase classname="tests.integration.test_validator_failures" name="test_depth_scale_invalid_utf8_bytes_reported_not_crash" time="0.018" /><testcase classname="tests.integration.test_validator_failures" name="test_unreadable_image_clean_message_no_path_leak" time="0.025" /><testcase classname="tests.integration.test_validator_failures" name="test_duplicate_viewpoint_within_one_map_warns" time="0.019" /><testcase classname="tests.integration.test_validator_failures" name="test_depth_scale_saturated_plateau_warns" time="0.019" /><testcase classname="tests.integration.test_validator_failures" name="test_single_max_pixel_at_65535_is_legitimate" time="0.023" /><testcase classname="tests.unit.test_contract_versions" name="test_schema_catalog_tracks_exact_versions_and_latest_view" time="0.013" /><testcase classname="tests.unit.test_contract_versions" name="test_validate_artifact_uses_declared_exact_version" time="0.031" /><testcase classname="tests.unit.test_contract_versions" name="test_schema_catalog_rejects_filename_version_mismatches[floorplan_parse-1.1.0-copy.schema.json-&lt;lambda&gt;]" time="0.075" /><testcase classname="tests.unit.test_contract_versions" name="test_schema_catalog_rejects_filename_version_mismatches[floorplan_parse-1.1.1.schema.json-&lt;lambda&gt;]" time="0.073" /><testcase classname="tests.unit.test_contract_versions" name="test_schema_catalog_rejects_duplicate_version_pair" time="0.126" /><testcase classname="tests.unit.test_contract_versions" name="test_schema_catalog_rejects_duplicate_schema_id" time="0.060" /><testcase classname="tests.unit.test_extrinsics_checks" name="test_standard_matrix_is_clean" time="0.001" /><testcase classname="tests.unit.test_extrinsics_checks" name="test_wrong_shape" time="0.001" /><testcase classname="tests.unit.test_extrinsics_checks" name="test_singular_matrix" time="0.001" /><testcase classname="tests.unit.test_extrinsics_checks" name="test_bad_last_row" time="0.001" /><testcase classname="tests.unit.test_extrinsics_checks" name="test_non_orthonormal_rotation" time="0.001" /><testcase classname="tests.unit.test_extrinsics_checks" name="test_reflection_not_right_handed" time="0.001" /><testcase classname="tests.unit.test_extrinsics_checks" name="test_y_up_world_warns_nonstandard_convention" time="0.002" /><testcase classname="tests.unit.test_extrinsics_checks" name="test_camera_height_outlier_warn" time="0.001" /><testcase classname="tests.unit.test_extrinsics_checks" name="test_windows_hostile_filenames_rejected[NUL]" time="0.001" /><testcase classname="tests.unit.test_extrinsics_checks" name="test_windows_hostile_filenames_rejected[con]" time="0.001" /><testcase classname="tests.unit.test_extrinsics_checks" name="test_windows_hostile_filenames_rejected[COM1.txt]" time="0.001" /><testcase classname="tests.unit.test_extrinsics_checks" name="test_windows_hostile_filenames_rejected[aux.png]" time="0.001" /><testcase classname="tests.unit.test_extrinsics_checks" name="test_windows_hostile_filenames_rejected[name.]" time="0.001" /><testcase classname="tests.unit.test_extrinsics_checks" name="test_windows_hostile_filenames_rejected[name ]" time="0.001" /><testcase classname="tests.unit.test_extrinsics_checks" name="test_normal_filenames_accepted[place_image.png]" time="0.001" /><testcase classname="tests.unit.test_extrinsics_checks" name="test_normal_filenames_accepted[extrinsics.txt]" time="0.001" /><testcase classname="tests.unit.test_extrinsics_checks" name="test_normal_filenames_accepted[0000]" time="0.001" /><testcase classname="tests.unit.test_extrinsics_checks" name="test_normal_filenames_accepted[map_panoworld0.json]" time="0.001" /><testcase classname="tests.unit.test_floorplan_normalize" name="test_layer_a_1_normalization_matches_approved_ids_and_projection" time="0.002" /><testcase classname="tests.unit.test_floorplan_normalize" name="test_reordered_input_keeps_same_ids_and_projection" time="0.003" /><testcase classname="tests.unit.test_floorplan_normalize" name="test_anchor_moves_only_with_wall_minimum_and_reuses_prior_geometry_ids" time="0.002" /><testcase classname="tests.unit.test_floorplan_normalize" name="test_negative_zero_is_emitted_as_zero" time="0.001" /><testcase classname="tests.unit.test_floorplan_normalize" name="test_half_even_quantization_hits_approved_boundaries" time="0.001" /><testcase classname="tests.unit.test_floorplan_normalize" name="test_dxf_opening_span_stores_normalized_span_m" time="0.002" /><testcase classname="tests.unit.test_floorplan_normalize" name="test_resolve_wall_id_rejects_span_not_collinear_with_the_only_nearby_wall" time="0.001" /><testcase classname="tests.unit.test_floorplan_normalize" name="test_resolve_wall_id_multi_match_raises_ambiguous_not_unknown" time="0.001" /><testcase classname="tests.unit.test_floorplan_normalize" name="test_normalize_rejects_coordinates_exceeding_bounds_only_after_translation" time="0.001" /><testcase classname="tests.unit.test_floorplan_normalize_matrix" name="test_normalize_boundary_cases[b-quantize-half-even]" time="0.001" /><testcase classname="tests.unit.test_floorplan_normalize_matrix" name="test_normalize_boundary_cases[b-negative-zero]" time="0.001" /><testcase classname="tests.unit.test_floorplan_overlay" name="test_raster_overlay_is_deterministic_and_self_contained" time="0.030" /><testcase classname="tests.unit.test_floorplan_overlay" name="test_dxf_overlay_uses_margin_and_inverted_source_coordinates" time="0.001" /><testcase classname="tests.unit.test_floorplan_overlay" name="test_raster_overlay_uses_media_type_from_source" time="0.031" /><testcase classname="tests.unit.test_floorplan_overlay" name="test_dxf_overlay_renders_rooms_and_doors_not_empty_placeholders" time="0.001" /><testcase classname="tests.unit.test_floorplan_overlay" name="test_dxf_overlay_source_layer_is_independent_of_detections" time="0.001" /><testcase classname="tests.unit.test_floorplan_overlay" name="test_overlay_ids_and_confidence_are_populated" time="0.030" /><testcase classname="tests.unit.test_floorplan_overlay" name="test_hostile_label_escaped" time="0.001" /><testcase classname="tests.unit.test_floorplan_sources" name="test_annotation_source_extracts_layer_a_fixture" time="0.054" /><testcase classname="tests.unit.test_floorplan_sources" name="test_dxf_source_extracts_layer_a_fixture" time="0.740" /><testcase classname="tests.unit.test_floorplan_sources" name="test_dxf_and_annotation_sources_normalize_to_same_projection" time="0.751" /><testcase classname="tests.unit.test_floorplan_sources" name="test_dxf_source_maps_worker_timeout_to_parse_timeout" time="0.023" /><testcase classname="tests.unit.test_floorplan_sources" name="test_worker_output_channel_is_not_truncated_at_the_stdio_log_cap" time="0.070" /><testcase classname="tests.unit.test_floorplan_sources" name="test_dxf_worker_timeout_kills_the_process_tree_not_just_the_child" time="0.023" /><testcase classname="tests.unit.test_floorplan_sources" name="test_dxf_source_rejects_malformed_worker_json" time="0.021" /><testcase classname="tests.unit.test_floorplan_sources" name="test_dxf_worker_rejects_unknown_units" time="0.047" /><testcase classname="tests.unit.test_floorplan_sources" name="test_dxf_worker_flags_arc_on_known_layer_as_unsupported" time="0.055" /><testcase classname="tests.unit.test_floorplan_sources" name="test_dxf_worker_flags_room_bulge_as_unsupported" time="0.047" /><testcase classname="tests.unit.test_floorplan_sources" name="test_dxf_worker_enforces_entity_limit" time="0.049" /><testcase classname="tests.unit.test_floorplan_sources" name="test_dxf_worker_records_unmapped_source_entities" time="0.050" /><testcase classname="tests.unit.test_floorplan_sources_matrix" name="test_dxf_source_fixture_matrix[f-unsupported-arc]" time="0.748" /><testcase classname="tests.unit.test_floorplan_sources_matrix" name="test_dxf_source_fixture_matrix[f-unsupported-bulge]" time="0.738" /><testcase classname="tests.unit.test_floorplan_sources_matrix" name="test_dxf_source_fixture_matrix[f-unsupported-z]" time="0.743" /><testcase classname="tests.unit.test_floorplan_sources_matrix" name="test_dxf_source_fixture_matrix[f-unsupported-insert]" time="0.715" /><testcase classname="tests.unit.test_floorplan_sources_matrix" name="test_dxf_source_fixture_matrix[f-unsupported-text]" time="0.692" /><testcase classname="tests.unit.test_floorplan_sources_matrix" name="test_dxf_source_fixture_matrix[f-unsupported-dim]" time="0.704" /><testcase classname="tests.unit.test_floorplan_sources_matrix" name="test_dxf_source_fixture_matrix[f-unsupported-paperspace]" time="0.697" /><testcase classname="tests.unit.test_floorplan_sources_matrix" name="test_dxf_source_fixture_matrix[f-unsupported-layout]" time="0.694" /><testcase classname="tests.unit.test_floorplan_sources_matrix" name="test_dxf_source_fixture_matrix[f-unmapped-layer]" time="0.700" /><testcase classname="tests.unit.test_floorplan_sources_matrix" name="test_dxf_source_fixture_matrix[f-hostile-label]" time="0.681" /><testcase classname="tests.unit.test_floorplan_sources_matrix" name="test_dxf_source_fixture_matrix_f_units_unknown" time="0.689" /><testcase classname="tests.unit.test_floorplan_sources_matrix" name="test_external_refs_never_opened" time="0.057" /><testcase classname="tests.unit.test_floorplan_sources_matrix" name="test_external_refs_never_opened_on_unknown_layer" time="0.054" /><testcase classname="tests.unit.test_floorplan_validate" name="test_clean_geometry_has_no_findings" time="0.001" /><testcase classname="tests.unit.test_floorplan_validate" name="test_polygon_crossing_and_zero_area_are_exact_codes" time="0.001" /><testcase classname="tests.unit.test_floorplan_validate" name="test_opening_binding_dimension_and_room_crossing_matrix" time="0.001" /><testcase classname="tests.unit.test_floorplan_validate" name="test_boundary_values_pass_exactly" time="0.001" /><testcase classname="tests.unit.test_floorplan_validate" name="test_degenerate_duplicate_and_open_polygon_codes" time="0.001" /><testcase classname="tests.unit.test_floorplan_validate" name="test_ambiguous_wall_ref_and_low_confidence_boundary" time="0.001" /><testcase classname="tests.unit.test_floorplan_validate" name="test_seg_intersects_non_adjacent_detects_collinear_overlap_and_both_side_touches" time="0.001" /><testcase classname="tests.unit.test_floorplan_validate" name="test_seg_proper_cross_is_unaffected_by_the_stricter_predicate" time="0.001" /><testcase classname="tests.unit.test_floorplan_validate" name="test_validate_detects_room_self_intersection_via_collinear_overlap" time="0.001" /><testcase classname="tests.unit.test_floorplan_validate" name="test_validate_rejects_duplicate_opening_geometry" time="0.001" /><testcase classname="tests.unit.test_floorplan_validate" name="test_validate_rejects_opening_whose_span_is_not_collinear_with_the_matched_wall" time="0.001" /><testcase classname="tests.unit.test_floorplan_validate_matrix" name="test_validate_fixture_codes[f-self-intersect]" time="0.001" /><testcase classname="tests.unit.test_floorplan_validate_matrix" name="test_validate_fixture_codes[f-zero-area]" time="0.001" /><testcase classname="tests.unit.test_floorplan_validate_matrix" name="test_validate_fixture_codes[f-open-polygon-dup]" time="0.002" /><testcase classname="tests.unit.test_floorplan_validate_matrix" name="test_validate_fixture_codes[f-degenerate-wall]" time="0.001" /><testcase classname="tests.unit.test_floorplan_validate_matrix" name="test_validate_fixture_codes[f-duplicate-wall]" time="0.001" /><testcase classname="tests.unit.test_floorplan_validate_matrix" name="test_validate_fixture_codes[f-duplicate-room]" time="0.001" /><testcase classname="tests.unit.test_floorplan_validate_matrix" name="test_validate_fixture_codes[f-unknown-wall-ref]" time="0.001" /><testcase classname="tests.unit.test_floorplan_validate_matrix" name="test_validate_fixture_codes[f-unknown-wall-index]" time="0.001" /><testcase classname="tests.unit.test_floorplan_validate_matrix" name="test_validate_fixture_codes[f-ambiguous-wall-ref]" time="0.001" /><testcase classname="tests.unit.test_floorplan_validate_matrix" name="test_validate_fixture_codes[f-opening-off-wall]" time="0.001" /><testcase classname="tests.unit.test_floorplan_validate_matrix" name="test_validate_fixture_codes[f-opening-wrong-ref]" time="0.002" /><testcase classname="tests.unit.test_floorplan_validate_matrix" name="test_validate_fixture_codes[f-opening-overhang]" time="0.001" /><testcase classname="tests.unit.test_floorplan_validate_matrix" name="test_validate_fixture_codes[f-room-boundary-cross]" time="0.001" /><testcase classname="tests.unit.test_floorplan_validate_matrix" name="test_validate_fixture_codes[f-dimension-bad]" time="0.001" /><testcase classname="tests.unit.test_floorplan_validate_matrix" name="test_validate_fixture_codes[f-low-confidence]" time="0.001" /><testcase classname="tests.unit.test_floorplan_validate_matrix" name="test_validate_boundary_pass_cases[b-wall-exact]" time="0.001" /><testcase classname="tests.unit.test_floorplan_validate_matrix" name="test_validate_boundary_pass_cases[b-offset-exact]" time="0.001" /><testcase classname="tests.unit.test_floorplan_validate_matrix" name="test_validate_boundary_pass_cases[b-span-exact]" time="0.002" /><testcase classname="tests.unit.test_floorplan_validate_matrix" name="test_validate_boundary_pass_cases[b-span-quantum]" time="0.001" /><testcase classname="tests.unit.test_floorplan_validate_matrix" name="test_validate_boundary_pass_cases[b-dimension-exact]" time="0.001" /><testcase classname="tests.unit.test_floorplan_validate_matrix" name="test_validate_boundary_pass_cases[b-confidence-half]" time="0.001" /><testcase classname="tests.unit.test_schemas_roundtrip" name="test_all_artifact_schemas_present" time="0.007" /><testcase classname="tests.unit.test_schemas_roundtrip" name="test_every_schema_file_is_valid_draft_2020_12" time="0.349" /><testcase classname="tests.unit.test_schemas_roundtrip" name="test_valid_example_passes[approval_record]" time="0.008" /><testcase classname="tests.unit.test_schemas_roundtrip" name="test_valid_example_passes[assumptions]" time="0.007" /><testcase classname="tests.unit.test_schemas_roundtrip" name="test_valid_example_passes[camera_plan]" time="0.008" /><testcase classname="tests.unit.test_schemas_roundtrip" name="test_valid_example_passes[floorplan_annotation]" time="0.010" /><testcase classname="tests.unit.test_schemas_roundtrip" name="test_valid_example_passes[floorplan_parse]" time="0.009" /><testcase classname="tests.unit.test_schemas_roundtrip" name="test_valid_example_passes[input_quality_report]" time="0.008" /><testcase classname="tests.unit.test_schemas_roundtrip" name="test_valid_example_passes[panoworld_manifest]" time="0.008" /><testcase classname="tests.unit.test_schemas_roundtrip" name="test_valid_example_passes[project_manifest]" time="0.008" /><testcase classname="tests.unit.test_schemas_roundtrip" name="test_valid_example_passes[qa_report]" time="0.007" /><testcase classname="tests.unit.test_schemas_roundtrip" name="test_valid_example_passes[remote_job]" time="0.009" /><testcase classname="tests.unit.test_schemas_roundtrip" name="test_valid_example_passes[retry_request]" time="0.007" /><testcase classname="tests.unit.test_schemas_roundtrip" name="test_valid_example_passes[run_manifest]" time="0.008" /><testcase classname="tests.unit.test_schemas_roundtrip" name="test_valid_example_passes[scene_geometry]" time="0.009" /><testcase classname="tests.unit.test_schemas_roundtrip" name="test_valid_example_passes[style_spec]" time="0.008" /><testcase classname="tests.unit.test_schemas_roundtrip" name="test_invalid_example_fails[approval_record]" time="0.007" /><testcase classname="tests.unit.test_schemas_roundtrip" name="test_invalid_example_fails[assumptions]" time="0.007" /><testcase classname="tests.unit.test_schemas_roundtrip" name="test_invalid_example_fails[camera_plan]" time="0.008" /><testcase classname="tests.unit.test_schemas_roundtrip" name="test_invalid_example_fails[floorplan_annotation]" time="0.009" /><testcase classname="tests.unit.test_schemas_roundtrip" name="test_invalid_example_fails[floorplan_parse]" time="0.008" /><testcase classname="tests.unit.test_schemas_roundtrip" name="test_invalid_example_fails[input_quality_report]" time="0.007" /><testcase classname="tests.unit.test_schemas_roundtrip" name="test_invalid_example_fails[panoworld_manifest]" time="0.009" /><testcase classname="tests.unit.test_schemas_roundtrip" name="test_invalid_example_fails[project_manifest]" time="0.008" /><testcase classname="tests.unit.test_schemas_roundtrip" name="test_invalid_example_fails[qa_report]" time="0.008" /><testcase classname="tests.unit.test_schemas_roundtrip" name="test_invalid_example_fails[remote_job]" time="0.008" /><testcase classname="tests.unit.test_schemas_roundtrip" name="test_invalid_example_fails[retry_request]" time="0.008" /><testcase classname="tests.unit.test_schemas_roundtrip" name="test_invalid_example_fails[run_manifest]" time="0.008" /><testcase classname="tests.unit.test_schemas_roundtrip" name="test_invalid_example_fails[scene_geometry]" time="0.010" /><testcase classname="tests.unit.test_schemas_roundtrip" name="test_invalid_example_fails[style_spec]" time="0.009" /><testcase classname="tests.unit.test_schemas_roundtrip" name="test_roundtrip_preserves_validity_and_content[approval_record]" time="0.009" /><testcase classname="tests.unit.test_schemas_roundtrip" name="test_roundtrip_preserves_validity_and_content[assumptions]" time="0.008" /><testcase classname="tests.unit.test_schemas_roundtrip" name="test_roundtrip_preserves_validity_and_content[camera_plan]" time="0.008" /><testcase classname="tests.unit.test_schemas_roundtrip" name="test_roundtrip_preserves_validity_and_content[floorplan_annotation]" time="0.011" /><testcase classname="tests.unit.test_schemas_roundtrip" name="test_roundtrip_preserves_validity_and_content[floorplan_parse]" time="0.009" /><testcase classname="tests.unit.test_schemas_roundtrip" name="test_roundtrip_preserves_validity_and_content[input_quality_report]" time="0.007" /><testcase classname="tests.unit.test_schemas_roundtrip" name="test_roundtrip_preserves_validity_and_content[panoworld_manifest]" time="0.009" /><testcase classname="tests.unit.test_schemas_roundtrip" name="test_roundtrip_preserves_validity_and_content[project_manifest]" time="0.008" /><testcase classname="tests.unit.test_schemas_roundtrip" name="test_roundtrip_preserves_validity_and_content[qa_report]" time="0.008" /><testcase classname="tests.unit.test_schemas_roundtrip" name="test_roundtrip_preserves_validity_and_content[remote_job]" time="0.008" /><testcase classname="tests.unit.test_schemas_roundtrip" name="test_roundtrip_preserves_validity_and_content[retry_request]" time="0.008" /><testcase classname="tests.unit.test_schemas_roundtrip" name="test_roundtrip_preserves_validity_and_content[run_manifest]" time="0.008" /><testcase classname="tests.unit.test_schemas_roundtrip" name="test_roundtrip_preserves_validity_and_content[scene_geometry]" time="0.009" /><testcase classname="tests.unit.test_schemas_roundtrip" name="test_roundtrip_preserves_validity_and_content[style_spec]" time="0.008" /><testcase classname="tests.unit.test_schemas_roundtrip" name="test_envelope_rejects_bad_status" time="0.007" /><testcase classname="tests.unit.test_schemas_roundtrip" name="test_envelope_partial_requires_errors" time="0.008" /><testcase classname="tests.unit.test_schemas_roundtrip" name="test_envelope_rejects_bad_hash_format" time="0.008" /><testcase classname="tests.unit.test_schemas_roundtrip" name="test_content_hash_reference_implementation" time="0.001" /><testcase classname="tests.unit.test_schemas_roundtrip" name="test_run_scoped_artifacts_require_run_id[run_manifest]" time="0.028" /><testcase classname="tests.unit.test_schemas_roundtrip" name="test_run_scoped_artifacts_require_run_id[remote_job]" time="0.020" /><testcase classname="tests.unit.test_schemas_roundtrip" name="test_run_scoped_artifacts_require_run_id[qa_report]" time="0.020" /><testcase classname="tests.unit.test_schemas_roundtrip" name="test_retry_target_state_requires_run_namespace" time="0.012" /><testcase classname="tests.unit.test_schemas_roundtrip" name="test_map_ordering_representation_is_an_array" time="0.012" /><testcase classname="tests.unit.test_state_machine" name="test_all_gate_ids_defined_including_g5_split" time="0.002" /><testcase classname="tests.unit.test_state_machine" name="test_human_gates_are_exactly_the_three_plus_split" time="0.001" /><testcase classname="tests.unit.test_state_machine" name="test_transitions_reference_only_known_states_and_gates" time="0.001" /><testcase classname="tests.unit.test_state_machine" name="test_every_nonterminal_state_has_an_exit" time="0.001" /><testcase classname="tests.unit.test_state_machine" name="test_every_state_is_reachable" time="0.001" /><testcase classname="tests.unit.test_state_machine" name="test_every_gate_is_used_by_some_transition" time="0.001" /><testcase classname="tests.unit.test_state_machine" name="test_rework_targets_are_known_states" time="0.001" /><testcase classname="tests.unit.test_state_machine" name="test_terminal_states_have_no_exit" time="0.001" /><testcase classname="tests.unit.test_state_machine" name="test_human_gate_transitions_require_approval_record" time="0.001" /><testcase classname="tests.unit.test_state_machine" name="test_policy_states_never_appear_in_transition_rows" time="0.001" /><testcase classname="tests.unit.test_state_machine" name="test_happy_path_is_deterministic_single_exit_per_state" time="0.001" /><testcase classname="tests.unit.test_state_machine" name="test_serialization_rule_declared" time="0.001" /><testcase classname="tests.unit.test_state_machine" name="test_all_artifact_and_evidence_names_have_a_contract_or_declaration" time="0.007" /></testsuite></testsuites>