<?xml version="1.0" encoding="utf-8"?><testsuites name="pytest tests"><testsuite name="pytest" errors="0" failures="0" skipped="0" tests="120" time="5.220" timestamp="2026-08-06T08:23:05.659930+03:00" hostname="DESKTOP-A98B1R3"><testcase classname="tests.golden.test_validator_golden" name="test_layer_a_green_with_config" time="0.066" /><testcase classname="tests.golden.test_validator_golden" name="test_layer_a_missing_start_image" time="0.021" /><testcase classname="tests.golden.test_validator_golden" name="test_layer_a_pano_name_collision" time="0.020" /><testcase classname="tests.golden.test_validator_golden" name="test_layer_a_viewpoint_budget_exceeded" time="0.020" /><testcase classname="tests.golden.test_validator_golden" name="test_layer_b_fixture_present" time="0.001" /><testcase classname="tests.golden.test_validator_golden" name="test_layer_b_demo_subset_validates_green" time="0.205" /><testcase classname="tests.golden.test_validator_golden" name="test_layer_b_report_snapshot" time="0.205" /><testcase classname="tests.integration.test_plan001_intake" name="test_all_floorplan_formats_keep_original_and_emit_valid_contracts[png]" time="0.076" /><testcase classname="tests.integration.test_plan001_intake" name="test_all_floorplan_formats_keep_original_and_emit_valid_contracts[jpg]" time="0.048" /><testcase classname="tests.integration.test_plan001_intake" name="test_all_floorplan_formats_keep_original_and_emit_valid_contracts[pdf]" time="0.171" /><testcase classname="tests.integration.test_plan001_intake" name="test_all_floorplan_formats_keep_original_and_emit_valid_contracts[dxf]" time="0.136" /><testcase classname="tests.integration.test_plan001_intake" name="test_all_floorplan_formats_keep_original_and_emit_valid_contracts[dwg]" time="0.049" /><testcase classname="tests.integration.test_plan001_intake" name="test_unknown_scale_finalizes_blocked_run_without_package" time="0.043" /><testcase classname="tests.integration.test_plan001_intake" name="test_format_mismatch_and_links_are_rejected" time="0.025" /><testcase classname="tests.integration.test_plan001_packager" name="test_fixture_packages_validate_and_manifest_is_schema_valid[tiny]" time="0.131" /><testcase classname="tests.integration.test_plan001_packager" name="test_fixture_packages_validate_and_manifest_is_schema_valid[golden]" time="0.498" /><testcase classname="tests.integration.test_plan001_packager" name="test_package_hash_is_stable_detects_mutation_and_run_is_exclusive" time="0.288" /><testcase classname="tests.integration.test_plan001_packager" name="test_validator_wrapper_needs_no_pythonpath" time="0.947" /><testcase classname="tests.integration.test_validator_failures" name="test_case_01_missing_extrinsics" time="0.023" /><testcase classname="tests.integration.test_validator_failures" name="test_case_02_matrix_3x4" time="0.021" /><testcase classname="tests.integration.test_validator_failures" name="test_case_03_singular_matrix" time="0.020" /><testcase classname="tests.integration.test_validator_failures" name="test_case_04_unparseable_matrix" time="0.021" /><testcase classname="tests.integration.test_validator_failures" name="test_case_05_depth_dimension_mismatch" time="0.022" /><testcase classname="tests.integration.test_validator_failures" name="test_case_06_map_references_unknown_viewpoint" time="0.021" /><testcase classname="tests.integration.test_validator_failures" name="test_case_07_unmapped_viewpoint_is_warning_not_error" time="0.020" /><testcase classname="tests.integration.test_validator_failures" name="test_case_08_wrong_image_mode" time="0.020" /><testcase classname="tests.integration.test_validator_failures" name="test_case_09_zero_depth_scale" time="0.025" /><testcase classname="tests.integration.test_validator_failures" name="test_case_10_nan_depth_scale" time="0.022" /><testcase classname="tests.integration.test_validator_failures" name="test_case_11_missing_depth_scale" time="0.021" /><testcase classname="tests.integration.test_validator_failures" name="test_case_12_windows_hostile_filename" time="0.022" /><testcase classname="tests.integration.test_validator_failures" name="test_case_13_empty_place_image" time="0.019" /><testcase classname="tests.integration.test_validator_failures" name="test_case_14_malformed_map_json" time="0.011" /><testcase classname="tests.integration.test_validator_failures" name="test_case_15_duplicate_key_within_one_map" time="0.011" /><testcase classname="tests.integration.test_validator_failures" name="test_same_key_across_different_maps_is_legitimate" time="0.022" /><testcase classname="tests.integration.test_validator_failures" name="test_depth_scale_invalid_utf8_bytes_reported_not_crash" time="0.021" /><testcase classname="tests.integration.test_validator_failures" name="test_unreadable_image_clean_message_no_path_leak" time="0.021" /><testcase classname="tests.integration.test_validator_failures" name="test_duplicate_viewpoint_within_one_map_warns" time="0.020" /><testcase classname="tests.integration.test_validator_failures" name="test_depth_scale_saturated_plateau_warns" time="0.022" /><testcase classname="tests.integration.test_validator_failures" name="test_single_max_pixel_at_65535_is_legitimate" time="0.021" /><testcase classname="tests.unit.test_extrinsics_checks" name="test_standard_matrix_is_clean" time="0.001" /><testcase classname="tests.unit.test_extrinsics_checks" name="test_wrong_shape" time="0.001" /><testcase classname="tests.unit.test_extrinsics_checks" name="test_singular_matrix" time="0.001" /><testcase classname="tests.unit.test_extrinsics_checks" name="test_bad_last_row" time="0.001" /><testcase classname="tests.unit.test_extrinsics_checks" name="test_non_orthonormal_rotation" time="0.001" /><testcase classname="tests.unit.test_extrinsics_checks" name="test_reflection_not_right_handed" time="0.001" /><testcase classname="tests.unit.test_extrinsics_checks" name="test_y_up_world_warns_nonstandard_convention" time="0.001" /><testcase classname="tests.unit.test_extrinsics_checks" name="test_camera_height_outlier_warn" time="0.001" /><testcase classname="tests.unit.test_extrinsics_checks" name="test_windows_hostile_filenames_rejected[NUL]" time="0.001" /><testcase classname="tests.unit.test_extrinsics_checks" name="test_windows_hostile_filenames_rejected[con]" time="0.001" /><testcase classname="tests.unit.test_extrinsics_checks" name="test_windows_hostile_filenames_rejected[COM1.txt]" time="0.001" /><testcase classname="tests.unit.test_extrinsics_checks" name="test_windows_hostile_filenames_rejected[aux.png]" time="0.001" /><testcase classname="tests.unit.test_extrinsics_checks" name="test_windows_hostile_filenames_rejected[name.]" time="0.001" /><testcase classname="tests.unit.test_extrinsics_checks" name="test_windows_hostile_filenames_rejected[name ]" time="0.001" /><testcase classname="tests.unit.test_extrinsics_checks" name="test_normal_filenames_accepted[place_image.png]" time="0.001" /><testcase classname="tests.unit.test_extrinsics_checks" name="test_normal_filenames_accepted[extrinsics.txt]" time="0.001" /><testcase classname="tests.unit.test_extrinsics_checks" name="test_normal_filenames_accepted[0000]" time="0.001" /><testcase classname="tests.unit.test_extrinsics_checks" name="test_normal_filenames_accepted[map_panoworld0.json]" time="0.001" /><testcase classname="tests.unit.test_schemas_roundtrip" name="test_all_13_artifact_schemas_present" time="0.006" /><testcase classname="tests.unit.test_schemas_roundtrip" name="test_every_schema_file_is_valid_draft_2020_12" time="0.272" /><testcase classname="tests.unit.test_schemas_roundtrip" name="test_valid_example_passes[approval_record]" time="0.006" /><testcase classname="tests.unit.test_schemas_roundtrip" name="test_valid_example_passes[assumptions]" time="0.006" /><testcase classname="tests.unit.test_schemas_roundtrip" name="test_valid_example_passes[camera_plan]" time="0.006" /><testcase classname="tests.unit.test_schemas_roundtrip" name="test_valid_example_passes[floorplan_parse]" time="0.009" /><testcase classname="tests.unit.test_schemas_roundtrip" name="test_valid_example_passes[input_quality_report]" time="0.006" /><testcase classname="tests.unit.test_schemas_roundtrip" name="test_valid_example_passes[panoworld_manifest]" time="0.006" /><testcase classname="tests.unit.test_schemas_roundtrip" name="test_valid_example_passes[project_manifest]" time="0.006" /><testcase classname="tests.unit.test_schemas_roundtrip" name="test_valid_example_passes[qa_report]" time="0.006" /><testcase classname="tests.unit.test_schemas_roundtrip" name="test_valid_example_passes[remote_job]" time="0.006" /><testcase classname="tests.unit.test_schemas_roundtrip" name="test_valid_example_passes[retry_request]" time="0.006" /><testcase classname="tests.unit.test_schemas_roundtrip" name="test_valid_example_passes[run_manifest]" time="0.006" /><testcase classname="tests.unit.test_schemas_roundtrip" name="test_valid_example_passes[scene_geometry]" time="0.007" /><testcase classname="tests.unit.test_schemas_roundtrip" name="test_valid_example_passes[style_spec]" time="0.006" /><testcase classname="tests.unit.test_schemas_roundtrip" name="test_invalid_example_fails[approval_record]" time="0.006" /><testcase classname="tests.unit.test_schemas_roundtrip" name="test_invalid_example_fails[assumptions]" time="0.006" /><testcase classname="tests.unit.test_schemas_roundtrip" name="test_invalid_example_fails[camera_plan]" time="0.006" /><testcase classname="tests.unit.test_schemas_roundtrip" name="test_invalid_example_fails[floorplan_parse]" time="0.006" /><testcase classname="tests.unit.test_schemas_roundtrip" name="test_invalid_example_fails[input_quality_report]" time="0.006" /><testcase classname="tests.unit.test_schemas_roundtrip" name="test_invalid_example_fails[panoworld_manifest]" time="0.007" /><testcase classname="tests.unit.test_schemas_roundtrip" name="test_invalid_example_fails[project_manifest]" time="0.006" /><testcase classname="tests.unit.test_schemas_roundtrip" name="test_invalid_example_fails[qa_report]" time="0.006" /><testcase classname="tests.unit.test_schemas_roundtrip" name="test_invalid_example_fails[remote_job]" time="0.006" /><testcase classname="tests.unit.test_schemas_roundtrip" name="test_invalid_example_fails[retry_request]" time="0.006" /><testcase classname="tests.unit.test_schemas_roundtrip" name="test_invalid_example_fails[run_manifest]" time="0.006" /><testcase classname="tests.unit.test_schemas_roundtrip" name="test_invalid_example_fails[scene_geometry]" time="0.007" /><testcase classname="tests.unit.test_schemas_roundtrip" name="test_invalid_example_fails[style_spec]" time="0.006" /><testcase classname="tests.unit.test_schemas_roundtrip" name="test_roundtrip_preserves_validity_and_content[approval_record]" time="0.006" /><testcase classname="tests.unit.test_schemas_roundtrip" name="test_roundtrip_preserves_validity_and_content[assumptions]" time="0.006" /><testcase classname="tests.unit.test_schemas_roundtrip" name="test_roundtrip_preserves_validity_and_content[camera_plan]" time="0.006" /><testcase classname="tests.unit.test_schemas_roundtrip" name="test_roundtrip_preserves_validity_and_content[floorplan_parse]" time="0.007" /><testcase classname="tests.unit.test_schemas_roundtrip" name="test_roundtrip_preserves_validity_and_content[input_quality_report]" time="0.006" /><testcase classname="tests.unit.test_schemas_roundtrip" name="test_roundtrip_preserves_validity_and_content[panoworld_manifest]" time="0.006" /><testcase classname="tests.unit.test_schemas_roundtrip" name="test_roundtrip_preserves_validity_and_content[project_manifest]" time="0.006" /><testcase classname="tests.unit.test_schemas_roundtrip" name="test_roundtrip_preserves_validity_and_content[qa_report]" time="0.006" /><testcase classname="tests.unit.test_schemas_roundtrip" name="test_roundtrip_preserves_validity_and_content[remote_job]" time="0.006" /><testcase classname="tests.unit.test_schemas_roundtrip" name="test_roundtrip_preserves_validity_and_content[retry_request]" time="0.006" /><testcase classname="tests.unit.test_schemas_roundtrip" name="test_roundtrip_preserves_validity_and_content[run_manifest]" time="0.006" /><testcase classname="tests.unit.test_schemas_roundtrip" name="test_roundtrip_preserves_validity_and_content[scene_geometry]" time="0.007" /><testcase classname="tests.unit.test_schemas_roundtrip" name="test_roundtrip_preserves_validity_and_content[style_spec]" time="0.006" /><testcase classname="tests.unit.test_schemas_roundtrip" name="test_envelope_rejects_bad_status" time="0.006" /><testcase classname="tests.unit.test_schemas_roundtrip" name="test_envelope_partial_requires_errors" time="0.006" /><testcase classname="tests.unit.test_schemas_roundtrip" name="test_envelope_rejects_bad_hash_format" time="0.006" /><testcase classname="tests.unit.test_schemas_roundtrip" name="test_content_hash_reference_implementation" time="0.001" /><testcase classname="tests.unit.test_schemas_roundtrip" name="test_run_scoped_artifacts_require_run_id[run_manifest]" time="0.017" /><testcase classname="tests.unit.test_schemas_roundtrip" name="test_run_scoped_artifacts_require_run_id[remote_job]" time="0.016" /><testcase classname="tests.unit.test_schemas_roundtrip" name="test_run_scoped_artifacts_require_run_id[qa_report]" time="0.018" /><testcase classname="tests.unit.test_schemas_roundtrip" name="test_retry_target_state_requires_run_namespace" time="0.007" /><testcase classname="tests.unit.test_schemas_roundtrip" name="test_map_ordering_representation_is_an_array" time="0.007" /><testcase classname="tests.unit.test_state_machine" name="test_all_gate_ids_defined_including_g5_split" time="0.001" /><testcase classname="tests.unit.test_state_machine" name="test_human_gates_are_exactly_the_three_plus_split" time="0.001" /><testcase classname="tests.unit.test_state_machine" name="test_transitions_reference_only_known_states_and_gates" time="0.001" /><testcase classname="tests.unit.test_state_machine" name="test_every_nonterminal_state_has_an_exit" time="0.001" /><testcase classname="tests.unit.test_state_machine" name="test_every_state_is_reachable" time="0.001" /><testcase classname="tests.unit.test_state_machine" name="test_every_gate_is_used_by_some_transition" time="0.001" /><testcase classname="tests.unit.test_state_machine" name="test_rework_targets_are_known_states" time="0.001" /><testcase classname="tests.unit.test_state_machine" name="test_terminal_states_have_no_exit" time="0.001" /><testcase classname="tests.unit.test_state_machine" name="test_human_gate_transitions_require_approval_record" time="0.001" /><testcase classname="tests.unit.test_state_machine" name="test_policy_states_never_appear_in_transition_rows" time="0.001" /><testcase classname="tests.unit.test_state_machine" name="test_happy_path_is_deterministic_single_exit_per_state" time="0.001" /><testcase classname="tests.unit.test_state_machine" name="test_serialization_rule_declared" time="0.001" /><testcase classname="tests.unit.test_state_machine" name="test_all_artifact_and_evidence_names_have_a_contract_or_declaration" time="0.005" /></testsuite></testsuites>